<?xml version="1.0" encoding="UTF-8"?>
<!-- Generated by org.testng.reporters.JUnitXMLReporter -->
<testsuite hostname="TSS168" ignored="0" name="chrometest" tests="5" failures="0" timestamp="26 Oct 2017 04:47:47 GMT" time="35.766" errors="0">
  <testcase name="passSetup" time="5.059" classname="com.medicathrms.Login"/>
  <testcase name="loginMethod" time="27.454" classname="com.medicathrms.Login"/>
  <testcase name="getOTPMethod" time="1.494" classname="com.medicathrms.Login"/>
  <testcase name="sendOTPPage" time="1.322" classname="com.medicathrms.Login"/>
  <testcase name="dashboard" time="0.403" classname="com.medicathrms.Dashboard"/>
</testsuite> <!-- chrometest -->
