<?xml version="1.0" encoding="UTF-8"?>
<!-- Generated by org.testng.reporters.JUnitXMLReporter -->
<testsuite hostname="TSS168" ignored="0" name="firefoxtest" tests="5" failures="0" timestamp="26 Oct 2017 04:48:30 GMT" time="43.285" errors="0">
  <testcase name="passSetup" time="11.003" classname="com.medicathrms.Login"/>
  <testcase name="loginMethod" time="30.287" classname="com.medicathrms.Login"/>
  <testcase name="getOTPMethod" time="0.786" classname="com.medicathrms.Login"/>
  <testcase name="sendOTPPage" time="1.11" classname="com.medicathrms.Login"/>
  <testcase name="dashboard" time="0.083" classname="com.medicathrms.Dashboard"/>
</testsuite> <!-- firefoxtest -->
