<?xml version="1.0" encoding="UTF-8"?>
<!-- Generated by org.testng.reporters.JUnitXMLReporter -->
<testsuite hostname="TSS168" ignored="0" name="Data Driven Framework" tests="5" failures="0" timestamp="11 Oct 2017 05:30:43 GMT" time="34.872" errors="0">
  <testcase name="passSetup" time="3.845" classname="com.medicathrms.Login"/>
  <testcase name="loginMethod" time="28.156" classname="com.medicathrms.Login"/>
  <testcase name="getOTPMethod" time="1.284" classname="com.medicathrms.Login"/>
  <testcase name="sendOTPPage" time="1.133" classname="com.medicathrms.Login"/>
  <testcase name="dashboard" time="0.413" classname="com.medicathrms.Dashboard"/>
</testsuite> <!-- Data Driven Framework -->
